# JRE version: Java(TM) SE Runtime Environment (8.0_281-b09) (build 1.8.0_281-b09)
# Java VM: Java HotSpot(TM) 64-Bit Server VM (25.281-b09 mixed mode windows-amd64 compressed oops)
Heap:
 PSYoungGen      total 218624K, used 32364K [0x00000000d5580000, 0x00000000e3f80000, 0x0000000100000000)
  eden space 204800K, 9% used [0x00000000d5580000,0x00000000d679b3b8,0x00000000e1d80000)
  from space 13824K, 99% used [0x00000000e1d80000,0x00000000e2affed0,0x00000000e2b00000)
  to   space 14336K, 0% used [0x00000000e2b00000,0x00000000e2b00000,0x00000000e3900000)
 ParOldGen       total 91648K, used 17442K [0x0000000080000000, 0x0000000085980000, 0x00000000d5580000)
  object space 91648K, 19% used [0x0000000080000000,0x0000000081108b88,0x0000000085980000)
 Metaspace       used 43561K, capacity 46042K, committed 46208K, reserved 1089536K
  class space    used 6274K, capacity 6776K, committed 6784K, reserved 1048576K
GC Heap History (10 events):
Event: 3.731 GC heap before
{Heap before GC invocations=7 (full 1):
 PSYoungGen      total 142336K, used 8021K [0x00000000d5580000, 0x00000000deb80000, 0x0000000100000000)
  eden space 131072K, 0% used [0x00000000d5580000,0x00000000d5580000,0x00000000dd580000)
  from space 11264K, 71% used [0x00000000de080000,0x00000000de8554f8,0x00000000deb80000)
  to   space 11264K, 0% used [0x00000000dd580000,0x00000000dd580000,0x00000000de080000)
 ParOldGen       total 86016K, used 8912K [0x0000000080000000, 0x0000000085400000, 0x00000000d5580000)
  object space 86016K, 10% used [0x0000000080000000,0x00000000808b43a8,0x0000000085400000)
 Metaspace       used 20540K, capacity 21232K, committed 21296K, reserved 1067008K
  class space    used 3000K, capacity 3178K, committed 3200K, reserved 1048576K
Event: 3.782 GC heap after
Heap after GC invocations=7 (full 1):
 PSYoungGen      total 142336K, used 0K [0x00000000d5580000, 0x00000000deb80000, 0x0000000100000000)
  eden space 131072K, 0% used [0x00000000d5580000,0x00000000d5580000,0x00000000dd580000)
  from space 11264K, 0% used [0x00000000de080000,0x00000000de080000,0x00000000deb80000)
  to   space 11264K, 0% used [0x00000000dd580000,0x00000000dd580000,0x00000000de080000)
 ParOldGen       total 61952K, used 9563K [0x0000000080000000, 0x0000000083c80000, 0x00000000d5580000)
  object space 61952K, 15% used [0x0000000080000000,0x0000000080956e88,0x0000000083c80000)
 Metaspace       used 20540K, capacity 21232K, committed 21296K, reserved 1067008K
  class space    used 3000K, capacity 3178K, committed 3200K, reserved 1048576K
}
Event: 5.791 GC heap before
{Heap before GC invocations=8 (full 1):
 PSYoungGen      total 142336K, used 131072K [0x00000000d5580000, 0x00000000deb80000, 0x0000000100000000)
  eden space 131072K, 100% used [0x00000000d5580000,0x00000000dd580000,0x00000000dd580000)
  from space 11264K, 0% used [0x00000000de080000,0x00000000de080000,0x00000000deb80000)
  to   space 11264K, 0% used [0x00000000dd580000,0x00000000dd580000,0x00000000de080000)
 ParOldGen       total 61952K, used 9563K [0x0000000080000000, 0x0000000083c80000, 0x00000000d5580000)
  object space 61952K, 15% used [0x0000000080000000,0x0000000080956e88,0x0000000083c80000)
 Metaspace       used 32613K, capacity 33994K, committed 34176K, reserved 1079296K
  class space    used 4629K, capacity 4953K, committed 4992K, reserved 1048576K
Event: 5.818 GC heap after
Heap after GC invocations=8 (full 1):
 PSYoungGen      total 142336K, used 11263K [0x00000000d5580000, 0x00000000e3900000, 0x0000000100000000)
  eden space 131072K, 0% used [0x00000000d5580000,0x00000000d5580000,0x00000000dd580000)
  from space 11264K, 99% used [0x00000000dd580000,0x00000000de07ffa8,0x00000000de080000)
  to   space 14336K, 0% used [0x00000000e2b00000,0x00000000e2b00000,0x00000000e3900000)
 ParOldGen       total 61952K, used 12229K [0x0000000080000000, 0x0000000083c80000, 0x00000000d5580000)
  object space 61952K, 19% used [0x0000000080000000,0x0000000080bf1508,0x0000000083c80000)
 Metaspace       used 32613K, capacity 33994K, committed 34176K, reserved 1079296K
  class space    used 4629K, capacity 4953K, committed 4992K, reserved 1048576K
}
Event: 6.446 GC heap before
{Heap before GC invocations=9 (full 1):
 PSYoungGen      total 142336K, used 35322K [0x00000000d5580000, 0x00000000e3900000, 0x0000000100000000)
  eden space 131072K, 18% used [0x00000000d5580000,0x00000000d6cfea48,0x00000000dd580000)
  from space 11264K, 99% used [0x00000000dd580000,0x00000000de07ffa8,0x00000000de080000)
  to   space 14336K, 0% used [0x00000000e2b00000,0x00000000e2b00000,0x00000000e3900000)
 ParOldGen       total 61952K, used 12229K [0x0000000080000000, 0x0000000083c80000, 0x00000000d5580000)
  object space 61952K, 19% used [0x0000000080000000,0x0000000080bf1508,0x0000000083c80000)
 Metaspace       used 33870K, capacity 35296K, committed 35456K, reserved 1079296K
  class space    used 4815K, capacity 5166K, committed 5248K, reserved 1048576K
Event: 6.469 GC heap after
Heap after GC invocations=9 (full 1):
 PSYoungGen      total 219136K, used 7995K [0x00000000d5580000, 0x00000000e3f80000, 0x0000000100000000)
  eden space 204800K, 0% used [0x00000000d5580000,0x00000000d5580000,0x00000000e1d80000)
  from space 14336K, 55% used [0x00000000e2b00000,0x00000000e32cee68,0x00000000e3900000)
  to   space 13824K, 0% used [0x00000000e1d80000,0x00000000e1d80000,0x00000000e2b00000)
 ParOldGen       total 61952K, used 12237K [0x0000000080000000, 0x0000000083c80000, 0x00000000d5580000)
  object space 61952K, 19% used [0x0000000080000000,0x0000000080bf3508,0x0000000083c80000)
 Metaspace       used 33870K, capacity 35296K, committed 35456K, reserved 1079296K
  class space    used 4815K, capacity 5166K, committed 5248K, reserved 1048576K
}
Event: 6.469 GC heap before
{Heap before GC invocations=10 (full 2):
 PSYoungGen      total 219136K, used 7995K [0x00000000d5580000, 0x00000000e3f80000, 0x0000000100000000)
  eden space 204800K, 0% used [0x00000000d5580000,0x00000000d5580000,0x00000000e1d80000)
  from space 14336K, 55% used [0x00000000e2b00000,0x00000000e32cee68,0x00000000e3900000)
  to   space 13824K, 0% used [0x00000000e1d80000,0x00000000e1d80000,0x00000000e2b00000)
 ParOldGen       total 61952K, used 12237K [0x0000000080000000, 0x0000000083c80000, 0x00000000d5580000)
  object space 61952K, 19% used [0x0000000080000000,0x0000000080bf3508,0x0000000083c80000)
 Metaspace       used 33870K, capacity 35296K, committed 35456K, reserved 1079296K
  class space    used 4815K, capacity 5166K, committed 5248K, reserved 1048576K
Event: 6.547 GC heap after
Heap after GC invocations=10 (full 2):
 PSYoungGen      total 219136K, used 0K [0x00000000d5580000, 0x00000000e3f80000, 0x0000000100000000)
  eden space 204800K, 0% used [0x00000000d5580000,0x00000000d5580000,0x00000000e1d80000)
  from space 14336K, 0% used [0x00000000e2b00000,0x00000000e2b00000,0x00000000e3900000)
  to   space 13824K, 0% used [0x00000000e1d80000,0x00000000e1d80000,0x00000000e2b00000)
 ParOldGen       total 91648K, used 15579K [0x0000000080000000, 0x0000000085980000, 0x00000000d5580000)
  object space 91648K, 16% used [0x0000000080000000,0x0000000080f36ea8,0x0000000085980000)
 Metaspace       used 33868K, capacity 35290K, committed 35456K, reserved 1079296K
  class space    used 4814K, capacity 5165K, committed 5248K, reserved 1048576K
}
Event: 10.396 GC heap before
{Heap before GC invocations=11 (full 2):
 PSYoungGen      total 219136K, used 204800K [0x00000000d5580000, 0x00000000e3f80000, 0x0000000100000000)
  eden space 204800K, 100% used [0x00000000d5580000,0x00000000e1d80000,0x00000000e1d80000)
  from space 14336K, 0% used [0x00000000e2b00000,0x00000000e2b00000,0x00000000e3900000)
  to   space 13824K, 0% used [0x00000000e1d80000,0x00000000e1d80000,0x00000000e2b00000)
 ParOldGen       total 91648K, used 15579K [0x0000000080000000, 0x0000000085980000, 0x00000000d5580000)
  object space 91648K, 16% used [0x0000000080000000,0x0000000080f36ea8,0x0000000085980000)
 Metaspace       used 43552K, capacity 46034K, committed 46208K, reserved 1089536K
  class space    used 6271K, capacity 6774K, committed 6784K, reserved 1048576K
Event: 10.460 GC heap after
Heap after GC invocations=11 (full 2):
 PSYoungGen      total 218624K, used 13823K [0x00000000d5580000, 0x00000000e3f80000, 0x0000000100000000)
  eden space 204800K, 0% used [0x00000000d5580000,0x00000000d5580000,0x00000000e1d80000)
  from space 13824K, 99% used [0x00000000e1d80000,0x00000000e2affed0,0x00000000e2b00000)
  to   space 14336K, 0% used [0x00000000e2b00000,0x00000000e2b00000,0x00000000e3900000)
 ParOldGen       total 91648K, used 17442K [0x0000000080000000, 0x0000000085980000, 0x00000000d5580000)
  object space 91648K, 19% used [0x0000000080000000,0x0000000081108b88,0x0000000085980000)
 Metaspace       used 43552K, capacity 46034K, committed 46208K, reserved 1089536K
  class space    used 6271K, capacity 6774K, committed 6784K, reserved 1048576K
}

