# JRE version: Java(TM) SE Runtime Environment (8.0_281-b09) (build 1.8.0_281-b09)
# Java VM: Java HotSpot(TM) 64-Bit Server VM (25.281-b09 mixed mode windows-amd64 compressed oops)
Heap:
 PSYoungGen      total 219648K, used 44206K [0x00000000d5580000, 0x00000000e4a80000, 0x0000000100000000)
  eden space 205312K, 21% used [0x00000000d5580000,0x00000000d80abaf0,0x00000000e1e00000)
  from space 14336K, 0% used [0x00000000e2b80000,0x00000000e2b80000,0x00000000e3980000)
  to   space 13824K, 0% used [0x00000000e1e00000,0x00000000e1e00000,0x00000000e2b80000)
 ParOldGen       total 90624K, used 15678K [0x0000000080000000, 0x0000000085880000, 0x00000000d5580000)
  object space 90624K, 17% used [0x0000000080000000,0x0000000080f4faf0,0x0000000085880000)
 Metaspace       used 35304K, capacity 36820K, committed 36992K, reserved 1081344K
  class space    used 5038K, capacity 5394K, committed 5504K, reserved 1048576K
GC Heap History (10 events):
Event: 4.716 GC heap before
{Heap before GC invocations=6 (full 0):
 PSYoungGen      total 70656K, used 34731K [0x00000000d5580000, 0x00000000deb80000, 0x0000000100000000)
  eden space 65536K, 45% used [0x00000000d5580000,0x00000000d726ef58,0x00000000d9580000)
  from space 5120K, 99% used [0x00000000d9580000,0x00000000d9a7c030,0x00000000d9a80000)
  to   space 11264K, 0% used [0x00000000de080000,0x00000000de080000,0x00000000deb80000)
 ParOldGen       total 86016K, used 8780K [0x0000000080000000, 0x0000000085400000, 0x00000000d5580000)
  object space 86016K, 10% used [0x0000000080000000,0x00000000808932e0,0x0000000085400000)
 Metaspace       used 20519K, capacity 21232K, committed 21296K, reserved 1067008K
  class space    used 2996K, capacity 3178K, committed 3200K, reserved 1048576K
Event: 4.726 GC heap after
Heap after GC invocations=6 (full 0):
 PSYoungGen      total 142336K, used 8061K [0x00000000d5580000, 0x00000000deb80000, 0x0000000100000000)
  eden space 131072K, 0% used [0x00000000d5580000,0x00000000d5580000,0x00000000dd580000)
  from space 11264K, 71% used [0x00000000de080000,0x00000000de85f420,0x00000000deb80000)
  to   space 11264K, 0% used [0x00000000dd580000,0x00000000dd580000,0x00000000de080000)
 ParOldGen       total 86016K, used 8788K [0x0000000080000000, 0x0000000085400000, 0x00000000d5580000)
  object space 86016K, 10% used [0x0000000080000000,0x00000000808952e0,0x0000000085400000)
 Metaspace       used 20519K, capacity 21232K, committed 21296K, reserved 1067008K
  class space    used 2996K, capacity 3178K, committed 3200K, reserved 1048576K
}
Event: 4.726 GC heap before
{Heap before GC invocations=7 (full 1):
 PSYoungGen      total 142336K, used 8061K [0x00000000d5580000, 0x00000000deb80000, 0x0000000100000000)
  eden space 131072K, 0% used [0x00000000d5580000,0x00000000d5580000,0x00000000dd580000)
  from space 11264K, 71% used [0x00000000de080000,0x00000000de85f420,0x00000000deb80000)
  to   space 11264K, 0% used [0x00000000dd580000,0x00000000dd580000,0x00000000de080000)
 ParOldGen       total 86016K, used 8788K [0x0000000080000000, 0x0000000085400000, 0x00000000d5580000)
  object space 86016K, 10% used [0x0000000080000000,0x00000000808952e0,0x0000000085400000)
 Metaspace       used 20519K, capacity 21232K, committed 21296K, reserved 1067008K
  class space    used 2996K, capacity 3178K, committed 3200K, reserved 1048576K
Event: 4.772 GC heap after
Heap after GC invocations=7 (full 1):
 PSYoungGen      total 142336K, used 0K [0x00000000d5580000, 0x00000000deb80000, 0x0000000100000000)
  eden space 131072K, 0% used [0x00000000d5580000,0x00000000d5580000,0x00000000dd580000)
  from space 11264K, 0% used [0x00000000de080000,0x00000000de080000,0x00000000deb80000)
  to   space 11264K, 0% used [0x00000000dd580000,0x00000000dd580000,0x00000000de080000)
 ParOldGen       total 61440K, used 9518K [0x0000000080000000, 0x0000000083c00000, 0x00000000d5580000)
  object space 61440K, 15% used [0x0000000080000000,0x000000008094b8e0,0x0000000083c00000)
 Metaspace       used 20519K, capacity 21232K, committed 21296K, reserved 1067008K
  class space    used 2996K, capacity 3178K, committed 3200K, reserved 1048576K
}
Event: 6.769 GC heap before
{Heap before GC invocations=8 (full 1):
 PSYoungGen      total 142336K, used 131072K [0x00000000d5580000, 0x00000000deb80000, 0x0000000100000000)
  eden space 131072K, 100% used [0x00000000d5580000,0x00000000dd580000,0x00000000dd580000)
  from space 11264K, 0% used [0x00000000de080000,0x00000000de080000,0x00000000deb80000)
  to   space 11264K, 0% used [0x00000000dd580000,0x00000000dd580000,0x00000000de080000)
 ParOldGen       total 61440K, used 9518K [0x0000000080000000, 0x0000000083c00000, 0x00000000d5580000)
  object space 61440K, 15% used [0x0000000080000000,0x000000008094b8e0,0x0000000083c00000)
 Metaspace       used 32492K, capacity 33884K, committed 34176K, reserved 1079296K
  class space    used 4614K, capacity 4956K, committed 4992K, reserved 1048576K
Event: 6.785 GC heap after
Heap after GC invocations=8 (full 1):
 PSYoungGen      total 142336K, used 11250K [0x00000000d5580000, 0x00000000e3980000, 0x0000000100000000)
  eden space 131072K, 0% used [0x00000000d5580000,0x00000000d5580000,0x00000000dd580000)
  from space 11264K, 99% used [0x00000000dd580000,0x00000000de07ca88,0x00000000de080000)
  to   space 14336K, 0% used [0x00000000e2b80000,0x00000000e2b80000,0x00000000e3980000)
 ParOldGen       total 61440K, used 12204K [0x0000000080000000, 0x0000000083c00000, 0x00000000d5580000)
  object space 61440K, 19% used [0x0000000080000000,0x0000000080beb048,0x0000000083c00000)
 Metaspace       used 32492K, capacity 33884K, committed 34176K, reserved 1079296K
  class space    used 4614K, capacity 4956K, committed 4992K, reserved 1048576K
}
Event: 7.067 GC heap before
{Heap before GC invocations=9 (full 1):
 PSYoungGen      total 142336K, used 36614K [0x00000000d5580000, 0x00000000e3980000, 0x0000000100000000)
  eden space 131072K, 19% used [0x00000000d5580000,0x00000000d6e450c0,0x00000000dd580000)
  from space 11264K, 99% used [0x00000000dd580000,0x00000000de07ca88,0x00000000de080000)
  to   space 14336K, 0% used [0x00000000e2b80000,0x00000000e2b80000,0x00000000e3980000)
 ParOldGen       total 61440K, used 12204K [0x0000000080000000, 0x0000000083c00000, 0x00000000d5580000)
  object space 61440K, 19% used [0x0000000080000000,0x0000000080beb048,0x0000000083c00000)
 Metaspace       used 33880K, capacity 35320K, committed 35456K, reserved 1079296K
  class space    used 4817K, capacity 5170K, committed 5248K, reserved 1048576K
Event: 7.084 GC heap after
Heap after GC invocations=9 (full 1):
 PSYoungGen      total 219648K, used 8171K [0x00000000d5580000, 0x00000000e4a80000, 0x0000000100000000)
  eden space 205312K, 0% used [0x00000000d5580000,0x00000000d5580000,0x00000000e1e00000)
  from space 14336K, 57% used [0x00000000e2b80000,0x00000000e337ae78,0x00000000e3980000)
  to   space 13824K, 0% used [0x00000000e1e00000,0x00000000e1e00000,0x00000000e2b80000)
 ParOldGen       total 61440K, used 12212K [0x0000000080000000, 0x0000000083c00000, 0x00000000d5580000)
  object space 61440K, 19% used [0x0000000080000000,0x0000000080bed048,0x0000000083c00000)
 Metaspace       used 33880K, capacity 35320K, committed 35456K, reserved 1079296K
  class space    used 4817K, capacity 5170K, committed 5248K, reserved 1048576K
}
Event: 7.084 GC heap before
{Heap before GC invocations=10 (full 2):
 PSYoungGen      total 219648K, used 8171K [0x00000000d5580000, 0x00000000e4a80000, 0x0000000100000000)
  eden space 205312K, 0% used [0x00000000d5580000,0x00000000d5580000,0x00000000e1e00000)
  from space 14336K, 57% used [0x00000000e2b80000,0x00000000e337ae78,0x00000000e3980000)
  to   space 13824K, 0% used [0x00000000e1e00000,0x00000000e1e00000,0x00000000e2b80000)
 ParOldGen       total 61440K, used 12212K [0x0000000080000000, 0x0000000083c00000, 0x00000000d5580000)
  object space 61440K, 19% used [0x0000000080000000,0x0000000080bed048,0x0000000083c00000)
 Metaspace       used 33880K, capacity 35320K, committed 35456K, reserved 1079296K
  class space    used 4817K, capacity 5170K, committed 5248K, reserved 1048576K
Event: 7.166 GC heap after
Heap after GC invocations=10 (full 2):
 PSYoungGen      total 219648K, used 0K [0x00000000d5580000, 0x00000000e4a80000, 0x0000000100000000)
  eden space 205312K, 0% used [0x00000000d5580000,0x00000000d5580000,0x00000000e1e00000)
  from space 14336K, 0% used [0x00000000e2b80000,0x00000000e2b80000,0x00000000e3980000)
  to   space 13824K, 0% used [0x00000000e1e00000,0x00000000e1e00000,0x00000000e2b80000)
 ParOldGen       total 90624K, used 15678K [0x0000000080000000, 0x0000000085880000, 0x00000000d5580000)
  object space 90624K, 17% used [0x0000000080000000,0x0000000080f4faf0,0x0000000085880000)
 Metaspace       used 33870K, capacity 35290K, committed 35456K, reserved 1079296K
  class space    used 4814K, capacity 5165K, committed 5248K, reserved 1048576K
}

